[INFO] Scanning for projects...
[INFO] 
[INFO] --------------------< com.example:OnlineAssessment >--------------------
[INFO] Building OnlineAssessment 0.0.1-SNAPSHOT
[INFO]   from pom.xml
[INFO] --------------------------------[ jar ]---------------------------------
[INFO] 
[INFO] >>> spring-boot:3.5.5:run (default-cli) > test-compile @ OnlineAssessment >>>
[INFO] 
[INFO] --- resources:3.3.1:resources (default-resources) @ OnlineAssessment ---
[INFO] Copying 1 resource from src\main\resources to target\classes
[INFO] Copying 41 resources from src\main\resources to target\classes
[INFO] 
[INFO] --- compiler:3.14.0:compile (default-compile) @ OnlineAssessment ---
[INFO] Recompiling the module because of changed source code.
[INFO] Compiling 63 source files with javac [debug parameters release 21] to target\classes
[INFO] 
[INFO] --- resources:3.3.1:testResources (default-testResources) @ OnlineAssessment ---
[INFO] skip non existing resourceDirectory D:\Projects\Online Assessment\Online-Assessment-Project\OnlineAssessment\src\test\resources
[INFO] 
[INFO] --- compiler:3.14.0:testCompile (default-testCompile) @ OnlineAssessment ---
[INFO] Recompiling the module because of changed dependency.
[INFO] Compiling 1 source file with javac [debug parameters release 21] to target\test-classes
[INFO] 
[INFO] <<< spring-boot:3.5.5:run (default-cli) < test-compile @ OnlineAssessment <<<
[INFO] 
[INFO] 
[INFO] --- spring-boot:3.5.5:run (default-cli) @ OnlineAssessment ---
[INFO] Attaching agents: []

  .   ____          _            __ _ _
 /\\ / ___'_ __ _ _(_)_ __  __ _ \ \ \ \
( ( )\___ | '_ | '_| | '_ \/ _` | \ \ \ \
 \\/  ___)| |_)| | | | | || (_| |  ) ) ) )
  '  |____| .__|_| |_|_| |_\__, | / / / /
 =========|_|==============|___/=/_/_/_/

 :: Spring Boot ::                (v3.5.5)

2026-01-31T23:57:07.521+05:30  INFO 10624 --- [OnlineAssessment] [           main] c.e.O.OnlineAssessmentApplication        : Starting OnlineAssessmentApplication using Java 22.0.2 with PID 10624 (D:\Projects\Online Assessment\Online-Assessment-Project\OnlineAssessment\target\classes started by vinee in D:\Projects\Online Assessment\Online-Assessment-Project\OnlineAssessment)
2026-01-31T23:57:07.523+05:30  INFO 10624 --- [OnlineAssessment] [           main] c.e.O.OnlineAssessmentApplication        : No active profile set, falling back to 1 default profile: "default"
2026-01-31T23:57:08.131+05:30  INFO 10624 --- [OnlineAssessment] [           main] .s.d.r.c.RepositoryConfigurationDelegate : Bootstrapping Spring Data JPA repositories in DEFAULT mode.
2026-01-31T23:57:08.208+05:30  INFO 10624 --- [OnlineAssessment] [           main] .s.d.r.c.RepositoryConfigurationDelegate : Finished Spring Data repository scanning in 70 ms. Found 11 JPA repository interfaces.
2026-01-31T23:57:08.647+05:30  INFO 10624 --- [OnlineAssessment] [           main] o.s.b.w.embedded.tomcat.TomcatWebServer  : Tomcat initialized with port 8080 (http)
2026-01-31T23:57:08.660+05:30  INFO 10624 --- [OnlineAssessment] [           main] o.apache.catalina.core.StandardService   : Starting service [Tomcat]
2026-01-31T23:57:08.660+05:30  INFO 10624 --- [OnlineAssessment] [           main] o.apache.catalina.core.StandardEngine    : Starting Servlet engine: [Apache Tomcat/10.1.44]
2026-01-31T23:57:08.709+05:30  INFO 10624 --- [OnlineAssessment] [           main] o.a.c.c.C.[Tomcat].[localhost].[/]       : Initializing Spring embedded WebApplicationContext
2026-01-31T23:57:08.709+05:30  INFO 10624 --- [OnlineAssessment] [           main] w.s.c.ServletWebServerApplicationContext : Root WebApplicationContext: initialization completed in 1137 ms
2026-01-31T23:57:08.868+05:30  INFO 10624 --- [OnlineAssessment] [           main] o.hibernate.jpa.internal.util.LogHelper  : HHH000204: Processing PersistenceUnitInfo [name: default]
2026-01-31T23:57:08.902+05:30  INFO 10624 --- [OnlineAssessment] [           main] org.hibernate.Version                    : HHH000412: Hibernate ORM core version 6.6.26.Final
2026-01-31T23:57:08.923+05:30  INFO 10624 --- [OnlineAssessment] [           main] o.h.c.internal.RegionFactoryInitiator    : HHH000026: Second-level cache disabled
2026-01-31T23:57:09.191+05:30  INFO 10624 --- [OnlineAssessment] [           main] o.s.o.j.p.SpringPersistenceUnitInfo      : No LoadTimeWeaver setup: ignoring JPA class transformer
2026-01-31T23:57:09.213+05:30  INFO 10624 --- [OnlineAssessment] [           main] com.zaxxer.hikari.HikariDataSource       : HikariPool-1 - Starting...
2026-01-31T23:57:09.456+05:30  INFO 10624 --- [OnlineAssessment] [           main] com.zaxxer.hikari.pool.HikariPool        : HikariPool-1 - Added connection com.mysql.cj.jdbc.ConnectionImpl@2b9d4b0
2026-01-31T23:57:09.457+05:30  INFO 10624 --- [OnlineAssessment] [           main] com.zaxxer.hikari.HikariDataSource       : HikariPool-1 - Start completed.
2026-01-31T23:57:09.515+05:30  INFO 10624 --- [OnlineAssessment] [           main] org.hibernate.orm.connections.pooling    : HHH10001005: Database info:
	Database JDBC URL [Connecting through datasource 'HikariDataSource (HikariPool-1)']
	Database driver: undefined/unknown
	Database version: 8.0.40
	Autocommit mode: undefined/unknown
	Isolation level: undefined/unknown
	Minimum pool size: undefined/unknown
	Maximum pool size: undefined/unknown
2026-01-31T23:57:10.341+05:30  INFO 10624 --- [OnlineAssessment] [           main] o.h.e.t.j.p.i.JtaPlatformInitiator       : HHH000489: No JTA platform available (set 'hibernate.transaction.jta.platform' to enable JTA platform integration)
2026-01-31T23:57:10.455+05:30  INFO 10624 --- [OnlineAssessment] [           main] j.LocalContainerEntityManagerFactoryBean : Initialized JPA EntityManagerFactory for persistence unit 'default'
2026-01-31T23:57:10.721+05:30  INFO 10624 --- [OnlineAssessment] [           main] o.s.d.j.r.query.QueryEnhancerFactory     : Hibernate is in classpath; If applicable, HQL parser will be used.
2026-01-31T23:57:11.445+05:30  WARN 10624 --- [OnlineAssessment] [           main] .s.s.UserDetailsServiceAutoConfiguration : 

Using generated security password: eb514d4c-27b1-4571-99cf-f68f9c9ee531

This generated password is for development use only. Your security configuration must be updated before running your application in production.

2026-01-31T23:57:11.450+05:30  INFO 10624 --- [OnlineAssessment] [           main] r$InitializeUserDetailsManagerConfigurer : Global AuthenticationManager configured with UserDetailsService bean with name inMemoryUserDetailsManager
2026-01-31T23:57:11.567+05:30  INFO 10624 --- [OnlineAssessment] [           main] o.s.b.a.w.s.WelcomePageHandlerMapping    : Adding welcome page: class path resource [static/index.html]
2026-01-31T23:57:11.948+05:30  WARN 10624 --- [OnlineAssessment] [           main] ConfigServletWebServerApplicationContext : Exception encountered during context initialization - cancelling refresh attempt: org.springframework.context.ApplicationContextException: Failed to start bean 'webServerStartStop'
2026-01-31T23:57:11.950+05:30  INFO 10624 --- [OnlineAssessment] [           main] j.LocalContainerEntityManagerFactoryBean : Closing JPA EntityManagerFactory for persistence unit 'default'
2026-01-31T23:57:11.951+05:30  INFO 10624 --- [OnlineAssessment] [           main] com.zaxxer.hikari.HikariDataSource       : HikariPool-1 - Shutdown initiated...
2026-01-31T23:57:11.956+05:30  INFO 10624 --- [OnlineAssessment] [           main] com.zaxxer.hikari.HikariDataSource       : HikariPool-1 - Shutdown completed.
2026-01-31T23:57:11.967+05:30  INFO 10624 --- [OnlineAssessment] [           main] .s.b.a.l.ConditionEvaluationReportLogger : 

Error starting ApplicationContext. To display the condition evaluation report re-run your application with 'debug' enabled.
2026-01-31T23:57:11.977+05:30 ERROR 10624 --- [OnlineAssessment] [           main] o.s.b.d.LoggingFailureAnalysisReporter   : 

***************************
APPLICATION FAILED TO START
***************************

Description:

Web server failed to start. Port 8080 was already in use.

Action:

Identify and stop the process that's listening on port 8080 or configure this application to listen on another port.

[INFO] ------------------------------------------------------------------------
[INFO] BUILD FAILURE
[INFO] ------------------------------------------------------------------------
[INFO] Total time:  10.714 s
[INFO] Finished at: 2026-01-31T23:57:12+05:30
[INFO] ------------------------------------------------------------------------
[ERROR] Failed to execute goal org.springframework.boot:spring-boot-maven-plugin:3.5.5:run (default-cli) on project OnlineAssessment: Process terminated with exit code: 1 -> [Help 1]
[ERROR] 
[ERROR] To see the full stack trace of the errors, re-run Maven with the -e switch.
[ERROR] Re-run Maven using the -X switch to enable full debug logging.
[ERROR] 
[ERROR] For more information about the errors and possible solutions, please read the following articles:
[ERROR] [Help 1] http://cwiki.apache.org/confluence/display/MAVEN/MojoExecutionException
[INFO] Scanning for projects...
[INFO] 
[INFO] --------------------< com.example:OnlineAssessment >--------------------
[INFO] Building OnlineAssessment 0.0.1-SNAPSHOT
[INFO]   from pom.xml
[INFO] --------------------------------[ jar ]---------------------------------
[INFO] 
[INFO] >>> spring-boot:3.5.5:run (default-cli) > test-compile @ OnlineAssessment >>>
[INFO] 
[INFO] --- resources:3.3.1:resources (default-resources) @ OnlineAssessment ---
[INFO] Copying 1 resource from src\main\resources to target\classes
[INFO] Copying 41 resources from src\main\resources to target\classes
[INFO] 
[INFO] --- compiler:3.14.0:compile (default-compile) @ OnlineAssessment ---
[INFO] Recompiling the module because of changed source code.
[INFO] Compiling 63 source files with javac [debug parameters release 21] to target\classes
[INFO] 
[INFO] --- resources:3.3.1:testResources (default-testResources) @ OnlineAssessment ---
[INFO] skip non existing resourceDirectory D:\Projects\Online Assessment\Online-Assessment-Project\OnlineAssessment\src\test\resources
[INFO] 
[INFO] --- compiler:3.14.0:testCompile (default-testCompile) @ OnlineAssessment ---
[INFO] Recompiling the module because of changed dependency.
[INFO] Compiling 1 source file with javac [debug parameters release 21] to target\test-classes
[INFO] 
[INFO] <<< spring-boot:3.5.5:run (default-cli) < test-compile @ OnlineAssessment <<<
[INFO] 
[INFO] 
[INFO] --- spring-boot:3.5.5:run (default-cli) @ OnlineAssessment ---
[INFO] Attaching agents: []

  .   ____          _            __ _ _
 /\\ / ___'_ __ _ _(_)_ __  __ _ \ \ \ \
( ( )\___ | '_ | '_| | '_ \/ _` | \ \ \ \
 \\/  ___)| |_)| | | | | || (_| |  ) ) ) )
  '  |____| .__|_| |_|_| |_\__, | / / / /
 =========|_|==============|___/=/_/_/_/

 :: Spring Boot ::                (v3.5.5)

2026-01-31T23:57:30.232+05:30  INFO 29528 --- [OnlineAssessment] [           main] c.e.O.OnlineAssessmentApplication        : Starting OnlineAssessmentApplication using Java 22.0.2 with PID 29528 (D:\Projects\Online Assessment\Online-Assessment-Project\OnlineAssessment\target\classes started by vinee in D:\Projects\Online Assessment\Online-Assessment-Project\OnlineAssessment)
2026-01-31T23:57:30.234+05:30  INFO 29528 --- [OnlineAssessment] [           main] c.e.O.OnlineAssessmentApplication        : No active profile set, falling back to 1 default profile: "default"
2026-01-31T23:57:31.012+05:30  INFO 29528 --- [OnlineAssessment] [           main] .s.d.r.c.RepositoryConfigurationDelegate : Bootstrapping Spring Data JPA repositories in DEFAULT mode.
2026-01-31T23:57:31.096+05:30  INFO 29528 --- [OnlineAssessment] [           main] .s.d.r.c.RepositoryConfigurationDelegate : Finished Spring Data repository scanning in 73 ms. Found 11 JPA repository interfaces.
2026-01-31T23:57:31.606+05:30  INFO 29528 --- [OnlineAssessment] [           main] o.s.b.w.embedded.tomcat.TomcatWebServer  : Tomcat initialized with port 8080 (http)
2026-01-31T23:57:31.622+05:30  INFO 29528 --- [OnlineAssessment] [           main] o.apache.catalina.core.StandardService   : Starting service [Tomcat]
2026-01-31T23:57:31.622+05:30  INFO 29528 --- [OnlineAssessment] [           main] o.apache.catalina.core.StandardEngine    : Starting Servlet engine: [Apache Tomcat/10.1.44]
2026-01-31T23:57:31.671+05:30  INFO 29528 --- [OnlineAssessment] [           main] o.a.c.c.C.[Tomcat].[localhost].[/]       : Initializing Spring embedded WebApplicationContext
2026-01-31T23:57:31.672+05:30  INFO 29528 --- [OnlineAssessment] [           main] w.s.c.ServletWebServerApplicationContext : Root WebApplicationContext: initialization completed in 1373 ms
2026-01-31T23:57:31.809+05:30  INFO 29528 --- [OnlineAssessment] [           main] o.hibernate.jpa.internal.util.LogHelper  : HHH000204: Processing PersistenceUnitInfo [name: default]
2026-01-31T23:57:31.839+05:30  INFO 29528 --- [OnlineAssessment] [           main] org.hibernate.Version                    : HHH000412: Hibernate ORM core version 6.6.26.Final
2026-01-31T23:57:31.860+05:30  INFO 29528 --- [OnlineAssessment] [           main] o.h.c.internal.RegionFactoryInitiator    : HHH000026: Second-level cache disabled
2026-01-31T23:57:32.056+05:30  INFO 29528 --- [OnlineAssessment] [           main] o.s.o.j.p.SpringPersistenceUnitInfo      : No LoadTimeWeaver setup: ignoring JPA class transformer
2026-01-31T23:57:32.076+05:30  INFO 29528 --- [OnlineAssessment] [           main] com.zaxxer.hikari.HikariDataSource       : HikariPool-1 - Starting...
2026-01-31T23:57:32.376+05:30  INFO 29528 --- [OnlineAssessment] [           main] com.zaxxer.hikari.pool.HikariPool        : HikariPool-1 - Added connection com.mysql.cj.jdbc.ConnectionImpl@5b0e9e0c
2026-01-31T23:57:32.378+05:30  INFO 29528 --- [OnlineAssessment] [           main] com.zaxxer.hikari.HikariDataSource       : HikariPool-1 - Start completed.
2026-01-31T23:57:32.450+05:30  INFO 29528 --- [OnlineAssessment] [           main] org.hibernate.orm.connections.pooling    : HHH10001005: Database info:
	Database JDBC URL [Connecting through datasource 'HikariDataSource (HikariPool-1)']
	Database driver: undefined/unknown
	Database version: 8.0.40
	Autocommit mode: undefined/unknown
	Isolation level: undefined/unknown
	Minimum pool size: undefined/unknown
	Maximum pool size: undefined/unknown
2026-01-31T23:57:33.372+05:30  INFO 29528 --- [OnlineAssessment] [           main] o.h.e.t.j.p.i.JtaPlatformInitiator       : HHH000489: No JTA platform available (set 'hibernate.transaction.jta.platform' to enable JTA platform integration)
2026-01-31T23:57:33.470+05:30  INFO 29528 --- [OnlineAssessment] [           main] j.LocalContainerEntityManagerFactoryBean : Initialized JPA EntityManagerFactory for persistence unit 'default'
2026-01-31T23:57:33.777+05:30  INFO 29528 --- [OnlineAssessment] [           main] o.s.d.j.r.query.QueryEnhancerFactory     : Hibernate is in classpath; If applicable, HQL parser will be used.
2026-01-31T23:57:34.497+05:30  WARN 29528 --- [OnlineAssessment] [           main] .s.s.UserDetailsServiceAutoConfiguration : 

Using generated security password: d70d4528-0ba7-48e3-986a-7c863c5d8d0e

This generated password is for development use only. Your security configuration must be updated before running your application in production.

2026-01-31T23:57:34.504+05:30  INFO 29528 --- [OnlineAssessment] [           main] r$InitializeUserDetailsManagerConfigurer : Global AuthenticationManager configured with UserDetailsService bean with name inMemoryUserDetailsManager
2026-01-31T23:57:34.566+05:30  INFO 29528 --- [OnlineAssessment] [           main] o.s.b.a.w.s.WelcomePageHandlerMapping    : Adding welcome page: class path resource [static/index.html]
2026-01-31T23:57:34.903+05:30  WARN 29528 --- [OnlineAssessment] [           main] ConfigServletWebServerApplicationContext : Exception encountered during context initialization - cancelling refresh attempt: org.springframework.context.ApplicationContextException: Failed to start bean 'webServerStartStop'
2026-01-31T23:57:34.905+05:30  INFO 29528 --- [OnlineAssessment] [           main] j.LocalContainerEntityManagerFactoryBean : Closing JPA EntityManagerFactory for persistence unit 'default'
2026-01-31T23:57:34.907+05:30  INFO 29528 --- [OnlineAssessment] [           main] com.zaxxer.hikari.HikariDataSource       : HikariPool-1 - Shutdown initiated...
2026-01-31T23:57:34.912+05:30  INFO 29528 --- [OnlineAssessment] [           main] com.zaxxer.hikari.HikariDataSource       : HikariPool-1 - Shutdown completed.
2026-01-31T23:57:34.922+05:30  INFO 29528 --- [OnlineAssessment] [           main] .s.b.a.l.ConditionEvaluationReportLogger : 

Error starting ApplicationContext. To display the condition evaluation report re-run your application with 'debug' enabled.
2026-01-31T23:57:34.935+05:30 ERROR 29528 --- [OnlineAssessment] [           main] o.s.b.d.LoggingFailureAnalysisReporter   : 

***************************
APPLICATION FAILED TO START
***************************

Description:

Web server failed to start. Port 8080 was already in use.

Action:

Identify and stop the process that's listening on port 8080 or configure this application to listen on another port.

[INFO] ------------------------------------------------------------------------
[INFO] BUILD FAILURE
[INFO] ------------------------------------------------------------------------
[INFO] Total time:  13.498 s
[INFO] Finished at: 2026-01-31T23:57:34+05:30
[INFO] ------------------------------------------------------------------------
[ERROR] Failed to execute goal org.springframework.boot:spring-boot-maven-plugin:3.5.5:run (default-cli) on project OnlineAssessment: Process terminated with exit code: 1 -> [Help 1]
[ERROR] 
[ERROR] To see the full stack trace of the errors, re-run Maven with the -e switch.
[ERROR] Re-run Maven using the -X switch to enable full debug logging.
[ERROR] 
[ERROR] For more information about the errors and possible solutions, please read the following articles:
[ERROR] [Help 1] http://cwiki.apache.org/confluence/display/MAVEN/MojoExecutionException
